ablation on k=4 copy: T=8 seq=12 d=24 lr=0.00100000 steps=400

=== A full+windowed ===
  A full+windowed step  50  loss 2.7185  acc 0.09
  A full+windowed step 100  loss 2.5305  acc 0.16
  A full+windowed step 150  loss 2.0141  acc 0.47
  A full+windowed step 200  loss 1.6290  acc 0.78
  A full+windowed step 250  loss 1.2434  acc 0.94
  A full+windowed step 300  loss 0.9480  acc 1.00
  A full+windowed step 350  loss 0.6468  acc 1.00
  A full+windowed step 400  loss 0.3286  acc 1.00
A full+windowed FINAL  acc=1.00  max(ā)=0.517

=== B ablate+windowed ===
  B ablate+windowed step  50  loss 2.7027  acc 0.03
  B ablate+windowed step 100  loss 2.5974  acc 0.06
  B ablate+windowed step 150  loss 2.7280  acc 0.00
  B ablate+windowed step 200  loss 2.6846  acc 0.09
  B ablate+windowed step 250  loss 2.6866  acc 0.03
  B ablate+windowed step 300  loss 2.7037  acc 0.09
  B ablate+windowed step 350  loss 2.7109  acc 0.06
  B ablate+windowed step 400  loss 2.6566  acc 0.09
B ablate+windowed FINAL  acc=0.09  max(ā)=0.522

=== C ablate+full-attn ===
  C ablate+full-attn step  50  loss 2.1952  acc 1.00
  C ablate+full-attn step 100  loss 1.5137  acc 1.00
  C ablate+full-attn step 150  loss 1.0652  acc 1.00
  C ablate+full-attn step 200  loss 0.6150  acc 1.00
  C ablate+full-attn step 250  loss 0.3775  acc 1.00
  C ablate+full-attn step 300  loss 0.2505  acc 1.00
  C ablate+full-attn step 350  loss 0.1709  acc 1.00
  C ablate+full-attn step 400  loss 0.1192  acc 1.00
C ablate+full-attn FINAL  acc=1.00  max(ā)=0.529

===== ABLATION SUMMARY (k=4 copy) =====
A full+windowed       acc=1.00  max(ā)=0.517
B ablate+windowed     acc=0.09  max(ā)=0.522
C ablate+full-attn    acc=1.00  max(ā)=0.529
A solves & B fails ⇒ nonlinear recurrence (block seeing H_t) does the cross-loop propagation.
C solves ⇒ ablation isn't fatal; it specifically removes multi-loop propagation.
