copy-task sweep: T=8, seq-len 16 , vocab 16, lr 0.01 , steps 120

=== k=2   τ_needed=2   predicted max(ā)=0.500 ===

  step   1  loss 2.7345  acc 0.00  max(ā) 0.500
  step  20  loss 2.5909  acc 0.50  max(ā) 0.546
  step  40  loss 2.0523  acc 0.33  max(ā) 0.555
  step  60  loss 1.9083  acc 0.00  max(ā) 0.579
  step  80  loss 2.2688  acc 0.00  max(ā) 0.592
  step 100  loss 1.9678  acc 0.00  max(ā) 0.616
  step 120  loss 2.2247  acc 0.33  max(ā) 0.615
k=2 DONE  acc=0.00  max(ā)=0.615  top4=["0.615" "0.596" "0.594" "0.587"]  predicted=0.500

=== k=6   τ_needed=6   predicted max(ā)=0.833 ===

  step   1  loss 2.7577  acc 0.00  max(ā) 0.500
  step  20  loss 2.2601  acc 0.00  max(ā) 0.526
  step  40  loss 1.3828  acc 0.67  max(ā) 0.526
  step  60  loss 1.5737  acc 0.50  max(ā) 0.519
  step  80  loss 1.7291  acc 0.83  max(ā) 0.518
  step 100  loss 0.9273  acc 0.50  max(ā) 0.516
  step 120  loss 3.3055  acc 0.17  max(ā) 0.520
k=6 DONE  acc=0.00  max(ā)=0.521  top4=["0.521" "0.511" "0.511" "0.511"]  predicted=0.833

=== k=8   τ_needed=8   predicted max(ā)=0.875 ===

  step   1  loss 2.8101  acc 0.17  max(ā) 0.500
  step  20  loss 2.7021  acc 0.17  max(ā) 0.531
  step  40  loss 2.4772  acc 0.00  max(ā) 0.569
  step  60  loss 2.4660  acc 0.17  max(ā) 0.595
  step  80  loss 2.6053  acc 0.17  max(ā) 0.608
  step 100  loss 2.6934  acc 0.00  max(ā) 0.623
  step 120  loss 2.7502  acc 0.17  max(ā) 0.658
k=8 DONE  acc=0.17  max(ā)=0.659  top4=["0.659" "0.630" "0.521" "0.515"]  predicted=0.875

=== k=12   τ_needed=12   predicted max(ā)=0.917   [UNSOLVABLE at T=8: τ>T → cliff probe] ===

  step   1  loss 2.7475  acc 0.33  max(ā) 0.500
  step  20  loss 2.3428  acc 0.00  max(ā) 0.534
  step  40  loss 1.9263  acc 0.17  max(ā) 0.550
  step  60  loss 1.4701  acc 0.50  max(ā) 0.562
  step  80  loss 0.7322  acc 0.50  max(ā) 0.562
  step 100  loss 0.7619  acc 0.67  max(ā) 0.560
  step 120  loss 0.9348  acc 0.83  max(ā) 0.562
k=12 DONE  acc=0.67  max(ā)=0.563  top4=["0.563" "0.561" "0.549" "0.546"]  predicted=0.917

================ SUMMARY: learned max(ā) vs prediction 1−1/k ================
k= 2  predicted 0.500   learned 0.615   Δ +0.115   acc 0.00
k= 6  predicted 0.833   learned 0.521   Δ -0.312   acc 0.00
k= 8  predicted 0.875   learned 0.659   Δ -0.216   acc 0.17
k=12  predicted 0.917   learned 0.563   Δ -0.354   acc 0.67

--- saved scripts/copy_sweep.edn ---
