diagonal-memory probe: d=16 T=8, per-channel a* ∈ [0.30,0.90], ā₀=0.5
step  250  loss 2.5619  ā[min 0.327 max 0.529]  corr(ā,a*)=0.780
step  500  loss 7.2624  ā[min 0.359 max 0.563]  corr(ā,a*)=0.691
step  750  loss 0.8375  ā[min 0.334 max 0.589]  corr(ā,a*)=0.649
step 1000  loss 0.1883  ā[min 0.309 max 0.612]  corr(ā,a*)=0.743
step 1250  loss 0.6306  ā[min 0.296 max 0.638]  corr(ā,a*)=0.786
step 1500  loss 0.6338  ā[min 0.274 max 0.663]  corr(ā,a*)=0.833
step 1750  loss 0.3944  ā[min 0.258 max 0.680]  corr(ā,a*)=0.852
step 2000  loss 1.3972  ā[min 0.240 max 0.698]  corr(ā,a*)=0.882
step 2250  loss 0.1739  ā[min 0.230 max 0.717]  corr(ā,a*)=0.902
step 2500  loss 0.4407  ā[min 0.222 max 0.737]  corr(ā,a*)=0.919

===== RESULT: learned ā_c vs target a*_c (per channel) =====
chan  a*_c   ā_c    (ā₀ was 0.500)
  0  0.300  0.342
  1  0.340  0.305
  2  0.380  0.283
  3  0.420  0.270
  4  0.460  0.407
  5  0.500  0.222
  6  0.540  0.357
  7  0.580  0.532
  8  0.620  0.458
  9  0.660  0.499
 10  0.700  0.514
 11  0.740  0.616
 12  0.780  0.645
 13  0.820  0.679
 14  0.860  0.687
 15  0.900  0.737

corr(ā, a*) = 0.919   ā range [0.222, 0.737]
>>> ā TRACKS a* — carry used — BOUNDARY of the free-constraint FOUND
