loading corpus...
vocab 65 chars 1115394
model: d-model 32, heads 4, seq 32, T 4, ā0 ≈ 0.192
--- training ---
step    1  loss 4.1307  ā[min 0.192 mean 0.192 max 0.192]  dL/dā[+13/-19]  conv[mean 0.81 max 2.53]
step   10  loss 3.5663  ā[min 0.186 mean 0.193 max 0.200]  dL/dā[+12/-20]  conv[mean 0.28 max 1.00]
step   20  loss 3.3698  ā[min 0.184 mean 0.194 max 0.206]  dL/dā[+17/-15]  conv[mean 0.28 max 1.27]
step   30  loss 3.1098  ā[min 0.182 mean 0.194 max 0.210]  dL/dā[+11/-21]  conv[mean 0.20 max 0.73]
step   40  loss 3.2208  ā[min 0.180 mean 0.194 max 0.209]  dL/dā[+15/-17]  conv[mean 0.28 max 0.98]
step   50  loss 3.3240  ā[min 0.180 mean 0.194 max 0.211]  dL/dā[+12/-20]  conv[mean 0.26 max 0.81]
step   60  loss 3.1908  ā[min 0.179 mean 0.195 max 0.212]  dL/dā[+11/-21]  conv[mean 0.44 max 1.59]
step   70  loss 3.2889  ā[min 0.178 mean 0.197 max 0.219]  dL/dā[+15/-17]  conv[mean 0.30 max 0.93]
step   80  loss 3.2348  ā[min 0.177 mean 0.198 max 0.223]  dL/dā[+12/-20]  conv[mean 0.27 max 1.04]
step   90  loss 3.3520  ā[min 0.177 mean 0.199 max 0.224]  dL/dā[+11/-21]  conv[mean 0.31 max 0.88]
step  100  loss 3.1810  ā[min 0.178 mean 0.200 max 0.226]  dL/dā[+16/-16]  conv[mean 0.26 max 1.00]
step  110  loss 3.0400  ā[min 0.180 mean 0.201 max 0.226]  dL/dā[+15/-17]  conv[mean 0.31 max 1.03]
step  120  loss 3.3022  ā[min 0.181 mean 0.202 max 0.226]  dL/dā[+18/-14]  conv[mean 0.30 max 1.32]
step  130  loss 3.1326  ā[min 0.180 mean 0.203 max 0.229]  dL/dā[+15/-17]  conv[mean 0.37 max 1.64]
step  140  loss 3.1056  ā[min 0.181 mean 0.205 max 0.228]  dL/dā[+20/-12]  conv[mean 0.35 max 1.31]
step  150  loss 3.0543  ā[min 0.180 mean 0.206 max 0.233]  dL/dā[+13/-19]  conv[mean 0.36 max 1.51]
--- sample (temp 0.8) ---
ROMEO:RPCBOWeahrtfpe,A s'lrllq esewohcusneeehhhs shb,
UDenodletsmeot,hnhcin h  hneuenrtmw rbteeddf p's   ibwte sislok ltnetsawelasnmheoteroireto rorsty mi iidoe   ,oesde m hliootrcehbwl eklomstens tml ylri h, onekri,aihd rocnliia oegahel aianensy
--- saved history to scripts/train_history.edn ---
