windowed curriculum: w=1 T=8 seq=14 d=24 lr=0.00100000 batch=6

=== stage k=2  steps=350  predicted max(ā)=0.500  ===
  k=2 step  50  loss 2.3461  acc 0.34  ā[max 0.512 mean 0.500]
  k=2 step 100  loss 1.8122  acc 0.59  ā[max 0.515 mean 0.500]
  k=2 step 150  loss 1.5847  acc 0.50  ā[max 0.518 mean 0.500]
  k=2 step 200  loss 1.2919  acc 0.78  ā[max 0.526 mean 0.501]
  k=2 step 250  loss 0.9762  acc 0.97  ā[max 0.527 mean 0.500]
  k=2 step 300  loss 0.6974  acc 1.00  ā[max 0.530 mean 0.501]
  k=2 step 350  loss 0.5510  acc 1.00  ā[max 0.533 mean 0.501]
k=2 DONE  acc=1.00  max(ā)=0.533  predicted=0.500  Δ=+0.033  dL/dā(mean)=+0.0007

=== stage k=4  steps=250  predicted max(ā)=0.750  ===
  k=4 step  50  loss 1.0131  acc 0.59  ā[max 0.532 mean 0.498]
  k=4 step 100  loss 0.5527  acc 1.00  ā[max 0.532 mean 0.495]
  k=4 step 150  loss 0.3630  acc 1.00  ā[max 0.532 mean 0.494]
  k=4 step 200  loss 0.1870  acc 1.00  ā[max 0.532 mean 0.493]
  k=4 step 250  loss 0.1584  acc 1.00  ā[max 0.532 mean 0.493]
k=4 DONE  acc=1.00  max(ā)=0.532  predicted=0.750  Δ=-0.218  dL/dā(mean)=+0.0030

=== stage k=6  steps=250  predicted max(ā)=0.833  ===
  k=6 step  50  loss 2.4712  acc 0.00  ā[max 0.534 mean 0.493]
  k=6 step 100  loss 2.7122  acc 0.03  ā[max 0.534 mean 0.493]
  k=6 step 150  loss 2.7289  acc 0.00  ā[max 0.534 mean 0.493]
  k=6 step 200  loss 2.6520  acc 0.09  ā[max 0.534 mean 0.493]
  k=6 step 250  loss 2.8397  acc 0.13  ā[max 0.534 mean 0.493]
k=6 DONE  acc=0.03  max(ā)=0.534  predicted=0.833  Δ=-0.300  dL/dā(mean)=+0.0235

=== stage k=8  steps=250  predicted max(ā)=0.875 [τ≥T: cliff region] ===
  k=8 step  50  loss 2.6286  acc 0.16  ā[max 0.533 mean 0.493]
  k=8 step 100  loss 2.6211  acc 0.13  ā[max 0.533 mean 0.493]
  k=8 step 150  loss 2.6040  acc 0.06  ā[max 0.532 mean 0.493]
  k=8 step 200  loss 2.7701  acc 0.03  ā[max 0.533 mean 0.493]
  k=8 step 250  loss 2.7302  acc 0.06  ā[max 0.532 mean 0.493]
k=8 DONE  acc=0.03  max(ā)=0.532  predicted=0.875  Δ=-0.343  dL/dā(mean)=+0.0471

=== stage k=10  steps=250  predicted max(ā)=0.900 [τ≥T: cliff region] ===
  k=10 step  50  loss 2.7597  acc 0.03  ā[max 0.532 mean 0.493]
  k=10 step 100  loss 2.6154  acc 0.09  ā[max 0.531 mean 0.492]
  k=10 step 150  loss 2.6971  acc 0.00  ā[max 0.531 mean 0.493]
  k=10 step 200  loss 2.5650  acc 0.09  ā[max 0.530 mean 0.492]
  k=10 step 250  loss 2.5239  acc 0.09  ā[max 0.530 mean 0.492]
k=10 DONE  acc=0.09  max(ā)=0.530  predicted=0.900  Δ=-0.370  dL/dā(mean)=+0.0305

========= SUMMARY: windowed (w=1) max(ā) vs prediction 1−1/k =========
k= 2  predicted 0.500   learned 0.533   Δ +0.033   acc 1.00   dL/dā +0.0007
k= 4  predicted 0.750   learned 0.532   Δ -0.218   acc 1.00   dL/dā +0.0030
k= 6  predicted 0.833   learned 0.534   Δ -0.300   acc 0.03   dL/dā +0.0235
k= 8  predicted 0.875   learned 0.532   Δ -0.343   acc 0.03   dL/dā +0.0471
k=10  predicted 0.900   learned 0.530   Δ -0.370   acc 0.09   dL/dā +0.0305

--- saved scripts/window_curriculum.edn ---
