windowed(w=1) copy, FINER curriculum, d=32 — removing the k≥6 confound

=== k=2  predicted(if carry=mechanism) max(ā)=0.500 ===
  k=2 step 100  loss 1.608  acc 0.69  max(ā) 0.512  mean dL/dā -0.0070
  k=2 step 200  loss 0.857  acc 1.00  max(ā) 0.520  mean dL/dā +0.0330
  k=2 step 300  loss 0.349  acc 0.97  max(ā) 0.524  mean dL/dā +0.0103
k=2 DONE  acc=0.91  max(ā)=0.524  pred=0.500  mean dL/dā=+0.0107  ANTI-CLIFF  [SOLVED — unconfounded]

=== k=3  predicted(if carry=mechanism) max(ā)=0.667 ===
  k=3 step 100  loss 0.088  acc 1.00  max(ā) 0.528  mean dL/dā -0.0006
  k=3 step 200  loss 0.062  acc 1.00  max(ā) 0.533  mean dL/dā +0.0004
k=3 DONE  acc=1.00  max(ā)=0.533  pred=0.667  mean dL/dā=+0.0000  ANTI-CLIFF  [SOLVED — unconfounded]

=== k=4  predicted(if carry=mechanism) max(ā)=0.750 ===
  k=4 step 100  loss 0.065  acc 1.00  max(ā) 0.516  mean dL/dā +0.0030
  k=4 step 200  loss 0.031  acc 1.00  max(ā) 0.518  mean dL/dā +0.0014
k=4 DONE  acc=1.00  max(ā)=0.518  pred=0.750  mean dL/dā=+0.0000  ANTI-CLIFF  [SOLVED — unconfounded]

=== k=5  predicted(if carry=mechanism) max(ā)=0.800 ===
  k=5 step 100  loss 0.040  acc 1.00  max(ā) 0.504  mean dL/dā +0.0041
  k=5 step 200  loss 0.020  acc 1.00  max(ā) 0.505  mean dL/dā +0.0007
k=5 DONE  acc=1.00  max(ā)=0.505  pred=0.800  mean dL/dā=+0.0000  ANTI-CLIFF  [SOLVED — unconfounded]

=== k=6  predicted(if carry=mechanism) max(ā)=0.833 ===
  k=6 step 100  loss 0.027  acc 1.00  max(ā) 0.486  mean dL/dā +0.0003
  k=6 step 200  loss 0.020  acc 1.00  max(ā) 0.486  mean dL/dā -0.0008
  k=6 step 300  loss 0.016  acc 1.00  max(ā) 0.486  mean dL/dā +0.0005
  k=6 step 400  loss 0.013  acc 1.00  max(ā) 0.486  mean dL/dā +0.0006
k=6 DONE  acc=1.00  max(ā)=0.486  pred=0.833  mean dL/dā=+0.0004  ANTI-CLIFF  [SOLVED — unconfounded]

--- windowed-hard done (wrote scripts/windowed_hard.edn) ---
